{
  "RSpec": {
    "coverage": {
      "/Users/sabrinarobinson/Turing/2mod/projects/idea-box/spec/support/factory_bot.rb": [
        1,
        1,
        null
      ],
      "/Users/sabrinarobinson/Turing/2mod/projects/idea-box/spec/features/idea/user_can_create_a_new_idea_spec.rb": [
        1,
        null,
        1,
        1,
        null,
        0,
        null,
        0,
        null,
        0,
        0,
        null,
        0,
        null,
        0,
        0,
        0,
        null,
        null
      ],
      "/Users/sabrinarobinson/Turing/2mod/projects/idea-box/spec/features/idea/user_can_see_all_ideas_spec.rb": [
        1,
        null,
        1,
        1,
        1,
        null,
        1,
        null,
        1,
        1,
        1,
        null,
        null
      ],
      "/Users/sabrinarobinson/Turing/2mod/projects/idea-box/spec/features/idea/user_can_update_idea_spec.rb": [
        1,
        null,
        1,
        1,
        1,
        null,
        1,
        null,
        0,
        0,
        null,
        0,
        null,
        0,
        0,
        null,
        null
      ],
      "/Users/sabrinarobinson/Turing/2mod/projects/idea-box/spec/models/category_spec.rb": [
        1,
        null,
        1,
        1,
        2,
        null,
        null,
        null,
        1,
        1,
        2,
        null,
        null
      ],
      "/Users/sabrinarobinson/Turing/2mod/projects/idea-box/app/models/category.rb": [
        1,
        1,
        1,
        null
      ],
      "/Users/sabrinarobinson/Turing/2mod/projects/idea-box/app/models/application_record.rb": [
        1,
        1,
        null
      ],
      "/Users/sabrinarobinson/Turing/2mod/projects/idea-box/spec/models/idea_image_spec.rb": [
        1,
        null,
        1,
        1,
        2,
        2,
        null,
        null
      ],
      "/Users/sabrinarobinson/Turing/2mod/projects/idea-box/app/models/idea_image.rb": [
        1,
        1,
        1,
        null
      ],
      "/Users/sabrinarobinson/Turing/2mod/projects/idea-box/spec/models/idea_spec.rb": [
        1,
        null,
        1,
        1,
        2,
        2,
        null,
        null,
        null,
        1,
        1,
        2,
        2,
        null,
        null
      ],
      "/Users/sabrinarobinson/Turing/2mod/projects/idea-box/app/models/idea.rb": [
        1,
        1,
        1,
        null,
        1,
        null,
        1,
        null
      ],
      "/Users/sabrinarobinson/Turing/2mod/projects/idea-box/spec/models/image_spec.rb": [
        1,
        null,
        1,
        1,
        2,
        2,
        null,
        null,
        null,
        1,
        1,
        2,
        null,
        null
      ],
      "/Users/sabrinarobinson/Turing/2mod/projects/idea-box/app/models/image.rb": [
        1,
        1,
        1,
        null,
        1,
        null
      ],
      "/Users/sabrinarobinson/Turing/2mod/projects/idea-box/app/controllers/ideas_controller.rb": [
        1,
        1,
        1,
        null,
        null,
        1,
        0,
        0,
        null,
        null,
        1,
        0,
        0,
        null,
        0,
        null,
        null,
        1,
        null,
        null,
        null,
        1,
        null,
        1,
        0,
        null,
        null,
        null
      ],
      "/Users/sabrinarobinson/Turing/2mod/projects/idea-box/app/controllers/application_controller.rb": [
        1,
        null
      ]
    },
    "timestamp": 1526849067
  }
}
