{
  "RSpec": {
    "coverage": {
      "/Users/sabrinarobinson/Turing/2mod/projects/idea-box/spec/support/factory_bot.rb": [
        1,
        1,
        null
      ],
      "/Users/sabrinarobinson/Turing/2mod/projects/idea-box/app/models/category.rb": [
        1,
        1,
        1,
        null
      ],
      "/Users/sabrinarobinson/Turing/2mod/projects/idea-box/app/models/application_record.rb": [
        1,
        1,
        null
      ],
      "/Users/sabrinarobinson/Turing/2mod/projects/idea-box/spec/models/idea_spec.rb": [
        1,
        null,
        1,
        1,
        2,
        2,
        null,
        null,
        null,
        1,
        1,
        2,
        2,
        null,
        null
      ],
      "/Users/sabrinarobinson/Turing/2mod/projects/idea-box/app/models/idea.rb": [
        1,
        1,
        1,
        null,
        1,
        null,
        1,
        null
      ],
      "/Users/sabrinarobinson/Turing/2mod/projects/idea-box/spec/models/image_spec.rb": [
        1,
        null,
        1,
        1,
        2,
        2,
        null,
        null,
        null,
        1,
        1,
        2,
        null,
        null
      ],
      "/Users/sabrinarobinson/Turing/2mod/projects/idea-box/app/models/image.rb": [
        1,
        1,
        1,
        null,
        1,
        null
      ],
      "/Users/sabrinarobinson/Turing/2mod/projects/idea-box/app/models/idea_image.rb": [
        1,
        1,
        1,
        null
      ]
    },
    "timestamp": 1526768789
  }
}
